<?xml version="1.0" encoding="UTF-8"?>
<!-- Generated by org.testng.reporters.JUnitReportReporter -->
<testsuite skipped="0" hostname="Aavish" name="com.test.testSelenium" tests="1" failures="0" timestamp="2020-02-18T16:58:43 EST" time="0.008" errors="0">
  <testcase name="setUp" time="0.008" classname="com.test.testSelenium"/>
</testsuite> <!-- com.test.testSelenium -->
